<?xml version="1.0" encoding="UTF-8"?>
<!-- Generated by org.testng.reporters.JUnitReportReporter -->
<testsuite hostname="DESKTOP-JH87CSI" failures="0" tests="2" name="TestPackageMainspring.TestClassMainspring" time="268.864" errors="0" timestamp="2021-05-12T10:25:38 IST" skipped="0">
  <testcase classname="TestPackageMainspring.TestClassMainspring" name="automateDefectsMainspring" time="150.308"/>
  <system-out/>
  <testcase classname="TestPackageMainspring.TestClassMainspring" name="automateDefectsMainspring" time="118.556"/>
  <system-out/>
</testsuite> <!-- TestPackageMainspring.TestClassMainspring -->
