<?xml version="1.0" encoding="UTF-8"?>
<!-- Generated by org.testng.reporters.JUnitReportReporter -->
<testsuite hostname="LAPTOP-9AORDMPD" failures="0" tests="1" name="TestPackageMainspring.TestClassMainspring" time="93.455" errors="0" timestamp="2021-05-11T17:18:23 IST" skipped="0">
  <testcase classname="TestPackageMainspring.TestClassMainspring" name="automateDefectsMainspring" time="93.455"/>
  <system-out/>
</testsuite> <!-- TestPackageMainspring.TestClassMainspring -->
